A51 MACRO ASSEMBLER  MAINRGR                                                              05/30/2018 10:36:40 PAGE     1


MACRO ASSEMBLER A51 V8.2.7.0
OBJECT MODULE PLACED IN .\Objects\mainRGR.obj
ASSEMBLER INVOKED BY: D:\Keil\C51\BIN\A51.EXE mainRGR.a51 SET(SMALL) DEBUG PRINT(.\Listings\mainRGR.lst) OBJECT(.\Object
                      s\mainRGR.obj) EP

LOC  OBJ            LINE     SOURCE

  000F                 1     timers_off      EQU 00001111b
  002F                 2     timers_off_matrix       EQU 00101111b
  000E                 3     TC0_mode1_cnt   EQU 00001110b ;counter mode
  0001                 4     TC0_mode1_tmr   EQU 00000001b ;timer mode
  0011                 5     TC0_and_TC1_mode1_tmr   EQU 00010001b ;timer mode
  0050                 6     timers_on       EQU 01010000b
                       7     
0000                   8     ORG     0
0000 807B              9             JMP     start
0003                  10     ORG 3
0003 019D             11             JMP     MYINT0
0013                  12     ORG 13h
0013 8079             13             JMP     MYINT1
0030                  14     ORG             30h
0030                  15     NumberTable:
0030 0E               16             DB      00001110b ;code for matrix
0031 11               17             DB      00010001b
0032 11               18             DB      00010001b
0033 11               19             DB      00010001b
0034 11               20             DB      00010001b
0035 11               21             DB      00010001b
0036 0E               22             DB      00001110b
                      23                     
0037 04               24             DB      00000100b
0038 0C               25             DB      00001100b
0039 04               26             DB      00000100b
003A 04               27             DB      00000100b
003B 04               28             DB      00000100b
003C 04               29             DB      00000100b
003D 1F               30             DB      00011111b
                      31                     
003E 0E               32             DB      00001110b
003F 11               33             DB      00010001b
0040 02               34             DB      00000010b
0041 04               35             DB      00000100b
0042 08               36             DB      00001000b
0043 10               37             DB      00010000b
0044 1F               38             DB      00011111b
                      39                     
0045 0E               40             DB      00001110b
0046 11               41             DB      00010001b
0047 01               42             DB      00000001b
0048 02               43             DB      00000010b
0049 01               44             DB      00000001b
004A 11               45             DB      00010001b
004B 0E               46             DB      00001110b
                      47     
004C 04               48             DB      00000100b
004D 0C               49             DB      00001100b
004E 14               50             DB      00010100b
004F 1E               51             DB      00011110b
0050 04               52             DB      00000100b
0051 04               53             DB      00000100b
0052 1F               54             DB      00011111b
                      55                     
0053 1F               56             DB      00011111b
0054 10               57             DB      00010000b
A51 MACRO ASSEMBLER  MAINRGR                                                              05/30/2018 10:36:40 PAGE     2

0055 10               58             DB      00010000b
0056 0E               59             DB      00001110b
0057 01               60             DB      00000001b
0058 11               61             DB      00010001b
0059 0E               62             DB      00001110b
                      63                     
005A 02               64             DB      00000010b
005B 04               65             DB      00000100b
005C 08               66             DB      00001000b
005D 1E               67             DB      00011110b
005E 11               68             DB      00010001b
005F 11               69             DB      00010001b
0060 0E               70             DB      00001110b
                      71                     
0061 1F               72             DB      00011111b
0062 02               73             DB      00000010b
0063 04               74             DB      00000100b
0064 04               75             DB      00000100b
0065 04               76             DB      00000100b
0066 04               77             DB      00000100b
0067 04               78             DB      00000100b
                      79                     
0068 0E               80             DB      00001110b
0069 11               81             DB      00010001b
006A 11               82             DB      00010001b
006B 0E               83             DB      00001110b
006C 11               84             DB      00010001b
006D 11               85             DB      00010001b
006E 0E               86             DB      00001110b
                      87                     
006F 0E               88             DB      00001110b
0070 11               89             DB      00010001b
0071 11               90             DB      00010001b
0072 0F               91             DB      00001111b
0073 02               92             DB      00000010b
0074 04               93             DB      00000100b
0075 08               94             DB      00001000b
                      95                     
0076 1F               96             DB      00011111b
0077 1F               97             DB      00011111b
0078 1F               98             DB      00011111b
0079 1F               99             DB      00011111b
007A 1F              100             DB      00011111b
007B 1F              101             DB      00011111b
007C 1F              102             DB      00011111b
                     103             
                     104             
007D                 105     start:
007D 75A885          106             MOV     IE, #10000101b  ;IE - wa allow interruptions
0080 75B805          107             MOV     IP, #00000101b  ;IP - interruptions from SW15 and SW16 have the highest pri
                             ority
0083 D28A            108             SETB    IT1 ;interruption INT1 by negative edge
0085 D288            109             SETB    IT0 ;interruption INT0 by negative edge
0087 758120          110             MOV     SP, #20h ;our stack shouldn't be connected with registers in use
008A 31F9            111             CALL    CLEAN ;clean the rigesters which will be used
008C                 112     infcycle:
008C 80FE            113             JMP     infcycle
                     114             
008E                 115     MYINT1:
008E C0E0            116             PUSH    ACC             
0090 11DD            117             CALL    ANTI_BOUNCE_DELAY
0092 20B305          118             JB              P3.3, endint1
0095 07              119             INC     @R1
0096 11F0            120             CALL    STATIC_SHOW
0098 11DD            121             CALL    ANTI_BOUNCE_DELAY
009A                 122     endint1:
A51 MACRO ASSEMBLER  MAINRGR                                                              05/30/2018 10:36:40 PAGE     3

009A D0E0            123             POP     ACC
009C 32              124     RETI
                     125     
009D                 126     MYINT0:
009D C0E0            127             PUSH    ACC             
009F 11DD            128             CALL    ANTI_BOUNCE_DELAY
00A1 20B236          129             JB              P3.2, endint0
00A4 09              130             INC     R1
00A5 B90A03          131             CJNE    R1, #10, int0_check_12
00A8 08              132             INC     R0
00A9 802D            133             JMP     int0_delay
00AB                 134     int0_check_12:
00AB B90C2A          135             CJNE    R1, #12, int0_delay
00AE 7908            136             MOV     R1, #8
00B0 780C            137             MOV     R0, #12
00B2 3123            138             CALL    CALCULATE
00B4                 139     indication:     
00B4 A80E            140             MOV     R0,14
00B6 314B            141             CALL    INDICATE
00B8 A80F            142             MOV     R0,15
00BA 314B            143             CALL    INDICATE
00BC A810            144             MOV     R0,16
00BE 314B            145             CALL    INDICATE
00C0 780A            146             MOV     R0, #10
00C2 314B            147             CALL    INDICATE
                     148     
00C4 20B2ED          149             JB              P3.2, indication
00C7 11DD            150             CALL    ANTI_BOUNCE_DELAY
00C9 20B2E8          151             JB              P3.2, indication
00CC 31F9            152             CALL    CLEAN
00CE                 153     check_reset0:
00CE 30B2FD          154             JNB     P3.2, check_reset0
00D1 11DD            155             CALL    ANTI_BOUNCE_DELAY
00D3 30B2F8          156             JNB     P3.2, check_reset0
00D6 8002            157             JMP     endint0
00D8                 158     int0_delay:
00D8 11DD            159             CALL    ANTI_BOUNCE_DELAY
00DA                 160     endint0:
00DA D0E0            161             POP     ACC
00DC 32              162     RETI
                     163     
00DD                 164     ANTI_BOUNCE_DELAY:
00DD 53880F          165             ANL     88h, #timers_off
00E0 758901          166             MOV     89h, #TC0_mode1_tmr
00E3 758ABF          167             MOV     TL0, #0BFh      ;wait for 0,03s 
00E6 758C63          168             MOV     TH0, #63h
00E9 438850          169             ORL     88h, #timers_on
00EC                 170     wait:   
00EC 308DFD          171             JNB     TF0, wait
00EF 22              172     RET     
                     173     
00F0                 174     STATIC_SHOW:
00F0 C0E0            175             PUSH    ACC
00F2 C002            176             PUSH    2
00F4 E7              177             MOV     A, @R1
00F5                 178     check_8:
00F5 B90802          179             CJNE    R1, #8, check_9
00F8 800A            180             JMP     decimal_write
00FA                 181     check_9:
00FA B90902          182             CJNE    R1, #9, check_10
00FD 800B            183             JMP     ordinary_write
00FF                 184     check_10:
00FF B90A08          185             CJNE    R1, #10, ordinary_write
0102 8000            186             JMP     decimal_write
0104                 187     decimal_write:
0104 C4              188             SWAP    A
A51 MACRO ASSEMBLER  MAINRGR                                                              05/30/2018 10:36:40 PAGE     4

0105 54F0            189             ANL     A, #11110000b
0107 F6              190             MOV     @R0, A
0108 8008            191             JMP     indicate_static
010A                 192     ordinary_write:
010A 540F            193             ANL     A, #00001111b
010C FA              194             MOV     R2, A
010D E6              195             MOV     A, @R0
010E 54F0            196             ANL     A, #11110000b
0110 4A              197             ORL     A, R2
0111 F6              198             MOV     @R0, A
0112                 199     indicate_static:
0112 B80D05          200             CJNE    R0, #13, indicate_left
0115 90B000          201             MOV     DPTR, #0B000h
0118 8003            202             JMP     show
011A                 203     indicate_left:
011A 90A000          204             MOV     DPTR, #0A000h
011D                 205     show:
011D F0              206             MOVX    @DPTR, A
011E D002            207             POP     2
0120 D0E0            208             POP     ACC
0122 22              209     RET
                     210     
0123                 211     CALCULATE:
0123 C0E0            212             PUSH    ACC
0125 C000            213             PUSH    0
0127 C001            214             PUSH    1
0129 C002            215             PUSH    2
012B 7902            216             MOV     R1, #2
012D 7810            217             MOV     R0, #16
012F E50C            218             MOV     A, 12
0131 850DF0          219             MOV     B, 13
0134 A4              220             MUL     AB
0135 250D            221             ADD             A, 13
0137                 222     convert_to_bcd:
0137 75F00A          223             MOV     B, #10
013A 84              224             DIV     AB
013B A6F0            225             MOV     @R0, B
013D 18              226             DEC     R0
013E D9F7            227             DJNZ    R1, convert_to_bcd
0140 F50E            228             MOV     14, A
0142 D002            229             POP     2
0144 D001            230             POP     1
0146 D000            231             POP     0
0148 D0E0            232             POP     ACC
014A 22              233     RET
                     234     
                     235     
                     236     
                     237     ;==================================================
014B                 238     INDICATE:
014B C0E0            239     PUSH    ACC
014D C001            240     PUSH    1
014F C002            241     PUSH    2
0151 C003            242     PUSH    3
0153 C004            243     PUSH    4
0155 C005            244     PUSH    5
0157 AC81            245     MOV     R4, SP
0159 7E00            246     MOV     R6, #0
                     247     
015B 7B10            248     MOV R3,#16
015D                 249     prog:
015D 53880F          250             ANL     88h, #timers_off
0160 758911          251             MOV     89h, #TC0_and_TC1_mode1_tmr
0163 758A00          252             MOV     TL0, #00h       ;wait for 0,065s 
0166 758C00          253             MOV     TH0, #00h
0169 438850          254             ORL     88h, #timers_on
A51 MACRO ASSEMBLER  MAINRGR                                                              05/30/2018 10:36:40 PAGE     5

016C                 255     cycle1:                                 ;initial settings for the current symbol
016C 8C81            256     MOV     SP, R4
                     257     
016E E8              258     MOV     A, R0
016F 75F007          259     MOV     B,#7
0172 A4              260     MUL     AB                              ;first line for matrix
0173 C0E0            261     PUSH    ACC
0175 74BF            262     MOV     A,#10111111b    ;only one catode is active when we activate one line of the matrix
0177 C0E0            263     PUSH    ACC
0179 7907            264     MOV     R1, #7
017B                 265     cycle2:
017B D0E0            266     POP     ACC
017D 908002          267     MOV     DPTR, #8002h    
0180 F0              268     MOVX    @DPTR, A                ;activate catodes of current line
0181 03              269     RR              A
0182 FA              270     MOV     R2, A
                     271     
0183 900030          272     MOV     DPTR, #NumberTable
0186 D0E0            273     POP     ACC
0188 C0E0            274     PUSH    ACC
018A 93              275     MOVC    A, @A+DPTR
018B 908000          276     MOV     DPTR, #8000h    
018E F0              277     MOVX    @DPTR, A                ;activate anodes of current line
018F D0E0            278     POP     ACC
0191 05E0            279     INC     ACC
0193 C0E0            280     PUSH    ACC
                     281     
0195 EA              282     MOV     A, R2
0196 C0E0            283     PUSH    ACC
                     284     
0198 7400            285     MOV     A, #0
019A F0              286     MOVX    @DPTR, A
                     287     
019B D9DE            288     DJNZ    R1, cycle2
019D 0E              289     INC     R6
019E 31B6            290     CALL    MATRIX_DELAY
01A0                 291     check:
01A0 308DC9          292             JNB     TF0, cycle1
01A3 DBB8            293             DJNZ    R3,prog
01A5 D0E0            294     POP     ACC
01A7 D0E0            295     POP     ACC
01A9 D005            296     POP     5
01AB D004            297     POP     4
01AD D003            298     POP     3
01AF D002            299     POP     2
01B1 D001            300     POP     1
01B3 D0E0            301     POP     ACC
01B5 22              302     RET
                     303     ;==================================================
01B6                 304     MATRIX_DELAY:
01B6 C0E0            305             PUSH    ACC
01B8 C001            306             PUSH    1
01BA 7900            307             MOV     R1,#0
01BC EE              308             MOV     A, R6
01BD B40002          309             CJNE    A, #0, carry_on
01C0 7E01            310             MOV     R6,#1
01C2                 311     carry_on:
01C2 EB              312             MOV     A, R3
01C3 940B            313             SUBB    A, #11
01C5 30D70D          314             JNB     PSW.7, decrease_delays
01C8 C2D7            315             CLR     PSW.7
01CA EB              316             MOV     A, R3
01CB 9406            317             SUBB    A, #6
01CD 20D70E          318             JB      PSW.7, increase_delays
01D0 7E01            319             MOV     R6, #1
01D2 EE              320             MOV     A, R6
A51 MACRO ASSEMBLER  MAINRGR                                                              05/30/2018 10:36:40 PAGE     6

01D3 800A            321             JMP     prog_tmr
01D5                 322     decrease_delays:
01D5 C2D7            323             CLR     PSW.7
01D7 8E01            324             MOV     1, R6
01D9 74FF            325             MOV     A, #0FFh
01DB 99              326             SUBB    A, R1
01DC 8001            327             JMP     prog_tmr
01DE                 328     increase_delays:
01DE EE              329             MOV     A, R6
01DF                 330     prog_tmr:
01DF 53882F          331             ANL     88h, #timers_off_matrix
01E2 758911          332             MOV     89h, #TC0_and_TC1_mode1_tmr
01E5 758BF6          333             MOV     TL1, #0F6h      ;wait for 15us 
01E8 758DFF          334             MOV     TH1, #0FFh
01EB 438850          335             ORL     88h, #timers_on
01EE                 336     waitd:
01EE 308FFD          337             JNB     TF1, waitd
01F1 D5E0EB          338             DJNZ    ACC, prog_tmr
                     339     
01F4 D001            340             POP             1
01F6 D0E0            341             POP     ACC
01F8 22              342     RET
                     343     
01F9                 344     CLEAN:
01F9 7E00            345             MOV     R6, #0  ;amount of delays for PWM
01FB 7F00            346             MOV     R7, #0
01FD 750800          347             MOV     8, #0   ;elder digit of X
0200 750900          348             MOV     9, #0   ;younger digit of x
0203 750A00          349             MOV     10, #0  ;elder digit of Y
0206 750B00          350             MOV     11, #0  ;younger digit of Y
0209 750C00          351             MOV     12, #0  ;X
020C 750D00          352             MOV     13, #0  ;Y
020F 750E00          353             MOV     14, #0  ;hundreds of result
0212 750F00          354             MOV     15, #0  ;dozens of result
0215 751000          355             MOV     16, #0  ;units of result
0218 7908            356             MOV     R1, #8  ;pointer on input digits
021A 780C            357             MOV     R0, #12 ;pointer on output digits
021C 7400            358             MOV     A, #0
021E 90A000          359             MOV     DPTR, #0A000h
0221 F0              360             MOVX    @DPTR, A
0222 90B000          361             MOV     DPTR, #0B000h
0225 F0              362             MOVX    @DPTR, A
0226 22              363     RET
                     364     END
A51 MACRO ASSEMBLER  MAINRGR                                                              05/30/2018 10:36:40 PAGE     7

SYMBOL TABLE LISTING
------ ----- -------


N A M E                T Y P E  V A L U E   ATTRIBUTES

ACC . . . . . . . . .  D ADDR   00E0H   A   
ANTI_BOUNCE_DELAY . .  C ADDR   00DDH   A   
B . . . . . . . . . .  D ADDR   00F0H   A   
CALCULATE . . . . . .  C ADDR   0123H   A   
CARRY_ON. . . . . . .  C ADDR   01C2H   A   
CHECK . . . . . . . .  C ADDR   01A0H   A   
CHECK_10. . . . . . .  C ADDR   00FFH   A   
CHECK_8 . . . . . . .  C ADDR   00F5H   A   
CHECK_9 . . . . . . .  C ADDR   00FAH   A   
CHECK_RESET0. . . . .  C ADDR   00CEH   A   
CLEAN . . . . . . . .  C ADDR   01F9H   A   
CONVERT_TO_BCD. . . .  C ADDR   0137H   A   
CYCLE1. . . . . . . .  C ADDR   016CH   A   
CYCLE2. . . . . . . .  C ADDR   017BH   A   
DECIMAL_WRITE . . . .  C ADDR   0104H   A   
DECREASE_DELAYS . . .  C ADDR   01D5H   A   
ENDINT0 . . . . . . .  C ADDR   00DAH   A   
ENDINT1 . . . . . . .  C ADDR   009AH   A   
IE. . . . . . . . . .  D ADDR   00A8H   A   
INCREASE_DELAYS . . .  C ADDR   01DEH   A   
INDICATE. . . . . . .  C ADDR   014BH   A   
INDICATE_LEFT . . . .  C ADDR   011AH   A   
INDICATE_STATIC . . .  C ADDR   0112H   A   
INDICATION. . . . . .  C ADDR   00B4H   A   
INFCYCLE. . . . . . .  C ADDR   008CH   A   
INT0_CHECK_12 . . . .  C ADDR   00ABH   A   
INT0_DELAY. . . . . .  C ADDR   00D8H   A   
IP. . . . . . . . . .  D ADDR   00B8H   A   
IT0 . . . . . . . . .  B ADDR   0088H.0 A   
IT1 . . . . . . . . .  B ADDR   0088H.2 A   
MATRIX_DELAY. . . . .  C ADDR   01B6H   A   
MYINT0. . . . . . . .  C ADDR   009DH   A   
MYINT1. . . . . . . .  C ADDR   008EH   A   
NUMBERTABLE . . . . .  C ADDR   0030H   A   
ORDINARY_WRITE. . . .  C ADDR   010AH   A   
P3. . . . . . . . . .  D ADDR   00B0H   A   
PROG. . . . . . . . .  C ADDR   015DH   A   
PROG_TMR. . . . . . .  C ADDR   01DFH   A   
PSW . . . . . . . . .  D ADDR   00D0H   A   
SHOW. . . . . . . . .  C ADDR   011DH   A   
SP. . . . . . . . . .  D ADDR   0081H   A   
START . . . . . . . .  C ADDR   007DH   A   
STATIC_SHOW . . . . .  C ADDR   00F0H   A   
TC0_AND_TC1_MODE1_TMR  N NUMB   0011H   A   
TC0_MODE1_CNT . . . .  N NUMB   000EH   A   
TC0_MODE1_TMR . . . .  N NUMB   0001H   A   
TF0 . . . . . . . . .  B ADDR   0088H.5 A   
TF1 . . . . . . . . .  B ADDR   0088H.7 A   
TH0 . . . . . . . . .  D ADDR   008CH   A   
TH1 . . . . . . . . .  D ADDR   008DH   A   
TIMERS_OFF. . . . . .  N NUMB   000FH   A   
TIMERS_OFF_MATRIX . .  N NUMB   002FH   A   
TIMERS_ON . . . . . .  N NUMB   0050H   A   
TL0 . . . . . . . . .  D ADDR   008AH   A   
TL1 . . . . . . . . .  D ADDR   008BH   A   
WAIT. . . . . . . . .  C ADDR   00ECH   A   
WAITD . . . . . . . .  C ADDR   01EEH   A   


REGISTER BANK(S) USED: 0 
A51 MACRO ASSEMBLER  MAINRGR                                                              05/30/2018 10:36:40 PAGE     8



ASSEMBLY COMPLETE.  0 WARNING(S), 0 ERROR(S)
