A51 MACRO ASSEMBLER  MAIN                                                                 05/19/2018 21:39:51 PAGE     1


MACRO ASSEMBLER A51 V8.2.7.0
OBJECT MODULE PLACED IN .\Objects\main.obj
ASSEMBLER INVOKED BY: D:\Keil\C51\BIN\A51.EXE main.a51 SET(SMALL) DEBUG PRINT(.\Listings\main.lst) OBJECT(.\Objects\main
                      .obj) EP

LOC  OBJ            LINE     SOURCE

  000F                 1     timers_off      EQU 00001111b 
  000E                 2     TC0_mode1_cnt   EQU 00001110b ;counter mode
  0001                 3     TC0_mode1_tmr   EQU 00000001b ;timer mode
  0050                 4     timers_on       EQU 01010000b
                       5     
0000                   6     ORG 0
0000 8013              7             JMP start
                       8             
0002                   9     Columns:
0002 06               10             DB              6
0003 05               11             DB              5
0004 03               12             DB              3
0005                  13     Codes:
0005 06               14             DB              00000110b ;1
0006 66               15             DB              01100110b ;4
0007 07               16             DB              00000111b ;7
0008 80               17             DB              10000000b ;*
                      18             
0009 5B               19             DB              01011011b ;2
000A 6D               20             DB              01101101b ;5
000B 7F               21             DB              01111111b ;8    
000C 3F               22             DB              00111111b ;0
                      23                     
000D 4F               24             DB              01001111b ;3
000E 7D               25             DB              01111101b ;6
000F 6F               26             DB              01101111b ;9
0010 76               27             DB              01110110b ;#
0013                  28     ORG 13h
0013 800D             29             JMP MYINT
0015                  30     start:
0015 75A884           31             MOV     IE, #10000100b  ;IE
0018 75B804           32             MOV     IP, #00000100b  ;IP
001B D28A             33             SETB    IT1
001D 758120           34             MOV     SP, #20h
0020                  35     infcycle:
0020 80FE             36             JMP     infcycle
                      37     
                      38     
0022                  39     MYINT:
0022 C0E0             40             PUSH    ACC     
                      41             
0024 11C1             42             CALL    ANTI_BOUNCE_DELAY
0026 20B316           43             JB              P3.3, endint1
0029 0508             44             INC     8
002B E508             45             MOV     A, 8
002D B4020F           46             CJNE    A,#2,endint1
0030 750800           47             MOV     8,#0
0033 908002           48             MOV     DPTR, #8002h
0036 74FF             49             MOV     A, #0FFh
0038 F0               50             MOVX    @DPTR, A
0039 908001           51             MOV     DPTR, #8001h
003C F0               52             MOVX    @DPTR, A
003D 1142             53             CALL    ASKKEYBOARD
003F                  54     endint1:
003F D0E0             55             POP     ACC
0041 32               56     RETI
                      57             
A51 MACRO ASSEMBLER  MAIN                                                                 05/19/2018 21:39:51 PAGE     2

0042                  58     ASKKEYBOARD:
0042 C0E0             59             PUSH    ACC
0044 C001             60             PUSH    1
0046 C002             61             PUSH    2
0048                  62     initiate_columnask:     
                      63             
0048 7903             64             MOV     R1, #3
004A 7400             65             MOV     A, #0
004C                  66     columnask:
004C 900002           67             MOV     DPTR, #Columns
004F C0E0             68             PUSH    ACC
0051 93               69             MOVC    A, @A+DPTR
0052 758390           70             MOV     DPH, #90h
0055 F582             71             MOV     DPL, A
0057                  72     read_again:     
0057 E0               73             MOVX    A, @DPTR
0058 F8               74             MOV     R0, A
                      75             
0059 11C1             76             CALL    ANTI_BOUNCE_DELAY
005B E0               77             MOVX    A, @DPTR
005C B50006           78             CJNE    A, 0, carry_on
                      79     
005F D0E0             80             POP     ACC
0061 C0E0             81             PUSH    ACC
0063 1173             82             CALL    TAKE_BUTTON_CODE
                      83             
                      84     ;read_release1: 
                      85             ;MOVX   A, @DPTR
                      86             ;CJNE   A, 0, read_release2
                      87             ;JMP    read_release1
                      88     ;read_release2:
                      89             ;CALL   ANTI_BOUNCE_DELAY
                      90             ;MOVX   A, @DPTR
                      91             ;CJNE   A, 0,carry_on
                      92             ;JMP    read_release1
0065                  93     carry_on:
0065 D0E0             94             POP     ACC
0067 04               95             INC     A
                      96     
0068 D9E2             97             DJNZ    R1, columnask
006A 80DC             98             JMP     initiate_columnask
                      99             
006C D002            100             POP     2
006E D001            101             POP     1
0070 D0E0            102             POP     ACC
0072 22              103     RET
                     104     
0073                 105     TAKE_BUTTON_CODE:
0073 C002            106             PUSH    2
0075 C001            107             PUSH    1
0077 C082            108             PUSH    DPL
0079 C083            109             PUSH    DPH
                     110             
007B AA00            111             MOV     R2, 0
007D 53000F          112             ANL     0, #0Fh
0080 B80F0B          113             CJNE    R0, #0Fh, initiate_find_symbol
0083                 114     end_tkb:
                     115     
0083 A802            116             MOV     R0, 2
                     117     
0085 D083            118             POP     DPH
0087 D082            119             POP     DPL
0089 D001            120             POP     1
008B D002            121             POP     2
008D 22              122     RET
008E                 123     initiate_find_symbol:
A51 MACRO ASSEMBLER  MAIN                                                                 05/19/2018 21:39:51 PAGE     3

008E 7904            124             MOV     R1, #4
0090 75F004          125             MOV     B, #4
0093 A4              126             MUL     AB
0094 C0E0            127             PUSH    ACC
0096 C000            128             PUSH    0
0098                 129     find_symbol:
0098 D0E0            130             POP     ACC
009A F8              131             MOV     R0, A
009B 20E012          132             JB              ACC.0, end_find_cycle
                     133             
009E 908002          134             MOV     DPTR, #8002h
00A1 74FF            135             MOV     A, #0FFh
00A3 F0              136             MOVX    @DPTR, A
00A4 D0E0            137             POP     ACC
00A6 C0E0            138             PUSH    ACC
00A8 900005          139             MOV     DPTR, #Codes
00AB 93              140             MOVC    A, @A+DPTR
00AC 908001          141             MOV     DPTR, #8001h
00AF F0              142             MOVX    @DPTR, A
                     143             
                     144             
00B0                 145     end_find_cycle:
00B0 D0E0            146             POP     ACC
00B2 04              147             INC     A
00B3 C0E0            148             PUSH    ACC
00B5 E8              149             MOV     A, R0
00B6 03              150             RR              A
00B7 C0E0            151             PUSH    ACC
00B9 D9DD            152             DJNZ    R1, find_symbol
                     153             
00BB D0E0            154             POP     ACC
00BD D0E0            155             POP     ACC
00BF 80C2            156             JMP     end_tkb
                     157             
00C1                 158     ANTI_BOUNCE_DELAY:
00C1 53880F          159             ANL     88h, #timers_off
00C4 758901          160             MOV     89h, #TC0_mode1_tmr
00C7 758A67          161             MOV     TL0, #67h       ;wait for 0,03s 
00CA 758CC5          162             MOV     TH0, #0C5h
00CD 438850          163             ORL     88h, #timers_on
00D0                 164     wait:   
00D0 308DFD          165             JNB     TF0, wait
00D3 22              166     RET     
                     167     
                     168     
                     169             
                     170     END
A51 MACRO ASSEMBLER  MAIN                                                                 05/19/2018 21:39:51 PAGE     4

SYMBOL TABLE LISTING
------ ----- -------


N A M E               T Y P E  V A L U E   ATTRIBUTES

ACC. . . . . . . . .  D ADDR   00E0H   A   
ANTI_BOUNCE_DELAY. .  C ADDR   00C1H   A   
ASKKEYBOARD. . . . .  C ADDR   0042H   A   
B. . . . . . . . . .  D ADDR   00F0H   A   
CARRY_ON . . . . . .  C ADDR   0065H   A   
CODES. . . . . . . .  C ADDR   0005H   A   
COLUMNASK. . . . . .  C ADDR   004CH   A   
COLUMNS. . . . . . .  C ADDR   0002H   A   
DPH. . . . . . . . .  D ADDR   0083H   A   
DPL. . . . . . . . .  D ADDR   0082H   A   
ENDINT1. . . . . . .  C ADDR   003FH   A   
END_FIND_CYCLE . . .  C ADDR   00B0H   A   
END_TKB. . . . . . .  C ADDR   0083H   A   
FIND_SYMBOL. . . . .  C ADDR   0098H   A   
IE . . . . . . . . .  D ADDR   00A8H   A   
INFCYCLE . . . . . .  C ADDR   0020H   A   
INITIATE_COLUMNASK .  C ADDR   0048H   A   
INITIATE_FIND_SYMBOL  C ADDR   008EH   A   
IP . . . . . . . . .  D ADDR   00B8H   A   
IT1. . . . . . . . .  B ADDR   0088H.2 A   
MYINT. . . . . . . .  C ADDR   0022H   A   
P3 . . . . . . . . .  D ADDR   00B0H   A   
READ_AGAIN . . . . .  C ADDR   0057H   A   
SP . . . . . . . . .  D ADDR   0081H   A   
START. . . . . . . .  C ADDR   0015H   A   
TAKE_BUTTON_CODE . .  C ADDR   0073H   A   
TC0_MODE1_CNT. . . .  N NUMB   000EH   A   
TC0_MODE1_TMR. . . .  N NUMB   0001H   A   
TF0. . . . . . . . .  B ADDR   0088H.5 A   
TH0. . . . . . . . .  D ADDR   008CH   A   
TIMERS_OFF . . . . .  N NUMB   000FH   A   
TIMERS_ON. . . . . .  N NUMB   0050H   A   
TL0. . . . . . . . .  D ADDR   008AH   A   
WAIT . . . . . . . .  C ADDR   00D0H   A   


REGISTER BANK(S) USED: 0 


ASSEMBLY COMPLETE.  0 WARNING(S), 0 ERROR(S)
